# JRE version: OpenJDK Runtime Environment (8.0_131-b11) (build 1.8.0_131-8u131-b11-2ubuntu1.16.04.3-b11)
# Java VM: OpenJDK 64-Bit Server VM (25.131-b11 mixed mode linux-amd64 compressed oops)
Heap:
 PSYoungGen      total 209408K, used 11751K [0x00000000dbc00000, 0x00000000ea880000, 0x0000000100000000)
  eden space 197632K, 0% used [0x00000000dbc00000,0x00000000dbc00000,0x00000000e7d00000)
  from space 11776K, 99% used [0x00000000e9180000,0x00000000e9cf9ed8,0x00000000e9d00000)
  to   space 4608K, 0% used [0x00000000ea400000,0x00000000ea400000,0x00000000ea880000)
 ParOldGen       total 53760K, used 18799K [0x0000000093400000, 0x0000000096880000, 0x00000000dbc00000)
  object space 53760K, 34% used [0x0000000093400000,0x000000009465bd20,0x0000000096880000)
 Metaspace       used 34798K, capacity 35090K, committed 35416K, reserved 1081344K
  class space    used 4213K, capacity 4288K, committed 4352K, reserved 1048576K
GC Heap History (10 events):
Event: 2.244 GC heap after
Heap after GC invocations=3 (full 0):
 PSYoungGen      total 60928K, used 4589K [0x00000000dbc00000, 0x00000000e3300000, 0x0000000100000000)
  eden space 56320K, 0% used [0x00000000dbc00000,0x00000000dbc00000,0x00000000df300000)
  from space 4608K, 99% used [0x00000000df300000,0x00000000df77b5b8,0x00000000df780000)
  to   space 4608K, 0% used [0x00000000e2e80000,0x00000000e2e80000,0x00000000e3300000)
 ParOldGen       total 75264K, used 5786K [0x0000000093400000, 0x0000000097d80000, 0x00000000dbc00000)
  object space 75264K, 7% used [0x0000000093400000,0x00000000939a6ac0,0x0000000097d80000)
 Metaspace       used 13559K, capacity 13764K, committed 14080K, reserved 1060864K
  class space    used 1638K, capacity 1678K, committed 1792K, reserved 1048576K
}
Event: 2.495 GC heap before
{Heap before GC invocations=4 (full 0):
 PSYoungGen      total 60928K, used 60909K [0x00000000dbc00000, 0x00000000e3300000, 0x0000000100000000)
  eden space 56320K, 100% used [0x00000000dbc00000,0x00000000df300000,0x00000000df300000)
  from space 4608K, 99% used [0x00000000df300000,0x00000000df77b5b8,0x00000000df780000)
  to   space 4608K, 0% used [0x00000000e2e80000,0x00000000e2e80000,0x00000000e3300000)
 ParOldGen       total 75264K, used 5786K [0x0000000093400000, 0x0000000097d80000, 0x00000000dbc00000)
  object space 75264K, 7% used [0x0000000093400000,0x00000000939a6ac0,0x0000000097d80000)
 Metaspace       used 15685K, capacity 15862K, committed 16000K, reserved 1062912K
  class space    used 1864K, capacity 1905K, committed 1920K, reserved 1048576K
Event: 2.531 GC heap after
Heap after GC invocations=4 (full 0):
 PSYoungGen      total 117248K, used 4596K [0x00000000dbc00000, 0x00000000e3300000, 0x0000000100000000)
  eden space 112640K, 0% used [0x00000000dbc00000,0x00000000dbc00000,0x00000000e2a00000)
  from space 4608K, 99% used [0x00000000e2e80000,0x00000000e32fd138,0x00000000e3300000)
  to   space 4608K, 0% used [0x00000000e2a00000,0x00000000e2a00000,0x00000000e2e80000)
 ParOldGen       total 75264K, used 9360K [0x0000000093400000, 0x0000000097d80000, 0x00000000dbc00000)
  object space 75264K, 12% used [0x0000000093400000,0x0000000093d24248,0x0000000097d80000)
 Metaspace       used 15685K, capacity 15862K, committed 16000K, reserved 1062912K
  class space    used 1864K, capacity 1905K, committed 1920K, reserved 1048576K
}
Event: 3.034 GC heap before
{Heap before GC invocations=5 (full 0):
 PSYoungGen      total 117248K, used 74035K [0x00000000dbc00000, 0x00000000e3300000, 0x0000000100000000)
  eden space 112640K, 61% used [0x00000000dbc00000,0x00000000dffcfbd0,0x00000000e2a00000)
  from space 4608K, 99% used [0x00000000e2e80000,0x00000000e32fd138,0x00000000e3300000)
  to   space 4608K, 0% used [0x00000000e2a00000,0x00000000e2a00000,0x00000000e2e80000)
 ParOldGen       total 75264K, used 9360K [0x0000000093400000, 0x0000000097d80000, 0x00000000dbc00000)
  object space 75264K, 12% used [0x0000000093400000,0x0000000093d24248,0x0000000097d80000)
 Metaspace       used 20816K, capacity 21006K, committed 21248K, reserved 1069056K
  class space    used 2420K, capacity 2485K, committed 2560K, reserved 1048576K
Event: 3.076 GC heap after
Heap after GC invocations=5 (full 0):
 PSYoungGen      total 117248K, used 4577K [0x00000000dbc00000, 0x00000000eb000000, 0x0000000100000000)
  eden space 112640K, 0% used [0x00000000dbc00000,0x00000000dbc00000,0x00000000e2a00000)
  from space 4608K, 99% used [0x00000000e2a00000,0x00000000e2e78588,0x00000000e2e80000)
  to   space 12288K, 0% used [0x00000000ea400000,0x00000000ea400000,0x00000000eb000000)
 ParOldGen       total 75264K, used 13634K [0x0000000093400000, 0x0000000097d80000, 0x00000000dbc00000)
  object space 75264K, 18% used [0x0000000093400000,0x0000000094150b48,0x0000000097d80000)
 Metaspace       used 20816K, capacity 21006K, committed 21248K, reserved 1069056K
  class space    used 2420K, capacity 2485K, committed 2560K, reserved 1048576K
}
Event: 3.076 GC heap before
{Heap before GC invocations=6 (full 1):
 PSYoungGen      total 117248K, used 4577K [0x00000000dbc00000, 0x00000000eb000000, 0x0000000100000000)
  eden space 112640K, 0% used [0x00000000dbc00000,0x00000000dbc00000,0x00000000e2a00000)
  from space 4608K, 99% used [0x00000000e2a00000,0x00000000e2e78588,0x00000000e2e80000)
  to   space 12288K, 0% used [0x00000000ea400000,0x00000000ea400000,0x00000000eb000000)
 ParOldGen       total 75264K, used 13634K [0x0000000093400000, 0x0000000097d80000, 0x00000000dbc00000)
  object space 75264K, 18% used [0x0000000093400000,0x0000000094150b48,0x0000000097d80000)
 Metaspace       used 20816K, capacity 21006K, committed 21248K, reserved 1069056K
  class space    used 2420K, capacity 2485K, committed 2560K, reserved 1048576K
Event: 3.129 GC heap after
Heap after GC invocations=6 (full 1):
 PSYoungGen      total 117248K, used 0K [0x00000000dbc00000, 0x00000000eb000000, 0x0000000100000000)
  eden space 112640K, 0% used [0x00000000dbc00000,0x00000000dbc00000,0x00000000e2a00000)
  from space 4608K, 0% used [0x00000000e2a00000,0x00000000e2a00000,0x00000000e2e80000)
  to   space 12288K, 0% used [0x00000000ea400000,0x00000000ea400000,0x00000000eb000000)
 ParOldGen       total 53760K, used 12260K [0x0000000093400000, 0x0000000096880000, 0x00000000dbc00000)
  object space 53760K, 22% used [0x0000000093400000,0x0000000093ff90c0,0x0000000096880000)
 Metaspace       used 20816K, capacity 21006K, committed 21248K, reserved 1069056K
  class space    used 2420K, capacity 2485K, committed 2560K, reserved 1048576K
}
Event: 4.112 GC heap before
{Heap before GC invocations=7 (full 1):
 PSYoungGen      total 117248K, used 112640K [0x00000000dbc00000, 0x00000000eb000000, 0x0000000100000000)
  eden space 112640K, 100% used [0x00000000dbc00000,0x00000000e2a00000,0x00000000e2a00000)
  from space 4608K, 0% used [0x00000000e2a00000,0x00000000e2a00000,0x00000000e2e80000)
  to   space 12288K, 0% used [0x00000000ea400000,0x00000000ea400000,0x00000000eb000000)
 ParOldGen       total 53760K, used 12260K [0x0000000093400000, 0x0000000096880000, 0x00000000dbc00000)
  object space 53760K, 22% used [0x0000000093400000,0x0000000093ff90c0,0x0000000096880000)
 Metaspace       used 23024K, capacity 23252K, committed 23552K, reserved 1071104K
  class space    used 2692K, capacity 2742K, committed 2816K, reserved 1048576K
Event: 4.128 GC heap after
Heap after GC invocations=7 (full 1):
 PSYoungGen      total 202240K, used 4128K [0x00000000dbc00000, 0x00000000ea880000, 0x0000000100000000)
  eden space 197632K, 0% used [0x00000000dbc00000,0x00000000dbc00000,0x00000000e7d00000)
  from space 4608K, 89% used [0x00000000ea400000,0x00000000ea808230,0x00000000ea880000)
  to   space 11776K, 0% used [0x00000000e9180000,0x00000000e9180000,0x00000000e9d00000)
 ParOldGen       total 53760K, used 12268K [0x0000000093400000, 0x0000000096880000, 0x00000000dbc00000)
  object space 53760K, 22% used [0x0000000093400000,0x0000000093ffb0c0,0x0000000096880000)
 Metaspace       used 23024K, capacity 23252K, committed 23552K, reserved 1071104K
  class space    used 2692K, capacity 2742K, committed 2816K, reserved 1048576K
}
Event: 68.694 GC heap before
{Heap before GC invocations=8 (full 1):
 PSYoungGen      total 202240K, used 171879K [0x00000000dbc00000, 0x00000000ea880000, 0x0000000100000000)
  eden space 197632K, 84% used [0x00000000dbc00000,0x00000000e5fd1cb0,0x00000000e7d00000)
  from space 4608K, 89% used [0x00000000ea400000,0x00000000ea808230,0x00000000ea880000)
  to   space 11776K, 0% used [0x00000000e9180000,0x00000000e9180000,0x00000000e9d00000)
 ParOldGen       total 53760K, used 12268K [0x0000000093400000, 0x0000000096880000, 0x00000000dbc00000)
  object space 53760K, 22% used [0x0000000093400000,0x0000000093ffb0c0,0x0000000096880000)
 Metaspace       used 34798K, capacity 35090K, committed 35416K, reserved 1081344K
  class space    used 4213K, capacity 4288K, committed 4352K, reserved 1048576K

