# JRE version: OpenJDK Runtime Environment (8.0_131-b11) (build 1.8.0_131-8u131-b11-2ubuntu1.16.04.3-b11)
# Java VM: OpenJDK 64-Bit Server VM (25.131-b11 mixed mode linux-amd64 compressed oops)
Heap:
 PSYoungGen      total 211968K, used 10225K [0x00000000dbc00000, 0x00000000ea480000, 0x0000000100000000)
  eden space 201728K, 0% used [0x00000000dbc00000,0x00000000dbc00000,0x00000000e8100000)
  from space 10240K, 99% used [0x00000000e9080000,0x00000000e9a7c628,0x00000000e9a80000)
  to   space 4608K, 0% used [0x00000000ea000000,0x00000000ea000000,0x00000000ea480000)
 ParOldGen       total 47104K, used 18073K [0x0000000093400000, 0x0000000096200000, 0x00000000dbc00000)
  object space 47104K, 38% used [0x0000000093400000,0x00000000945a6550,0x0000000096200000)
 Metaspace       used 34740K, capacity 35026K, committed 35416K, reserved 1081344K
  class space    used 4202K, capacity 4288K, committed 4352K, reserved 1048576K
GC Heap History (10 events):
Event: 2.883 GC heap after
Heap after GC invocations=5 (full 0):
 PSYoungGen      total 60928K, used 4590K [0x00000000dbc00000, 0x00000000e3d00000, 0x0000000100000000)
  eden space 56320K, 0% used [0x00000000dbc00000,0x00000000dbc00000,0x00000000df300000)
  from space 4608K, 99% used [0x00000000df300000,0x00000000df77b8a0,0x00000000df780000)
  to   space 9728K, 0% used [0x00000000e3380000,0x00000000e3380000,0x00000000e3d00000)
 ParOldGen       total 75264K, used 7753K [0x0000000093400000, 0x0000000097d80000, 0x00000000dbc00000)
  object space 75264K, 10% used [0x0000000093400000,0x0000000093b92468,0x0000000097d80000)
 Metaspace       used 16132K, capacity 16374K, committed 16640K, reserved 1064960K
  class space    used 1907K, capacity 1969K, committed 2048K, reserved 1048576K
}
Event: 3.185 GC heap before
{Heap before GC invocations=6 (full 0):
 PSYoungGen      total 60928K, used 60910K [0x00000000dbc00000, 0x00000000e3d00000, 0x0000000100000000)
  eden space 56320K, 100% used [0x00000000dbc00000,0x00000000df300000,0x00000000df300000)
  from space 4608K, 99% used [0x00000000df300000,0x00000000df77b8a0,0x00000000df780000)
  to   space 9728K, 0% used [0x00000000e3380000,0x00000000e3380000,0x00000000e3d00000)
 ParOldGen       total 75264K, used 7753K [0x0000000093400000, 0x0000000097d80000, 0x00000000dbc00000)
  object space 75264K, 10% used [0x0000000093400000,0x0000000093b92468,0x0000000097d80000)
 Metaspace       used 17853K, capacity 18056K, committed 18304K, reserved 1064960K
  class space    used 2118K, capacity 2164K, committed 2176K, reserved 1048576K
Event: 3.246 GC heap after
Heap after GC invocations=6 (full 0):
 PSYoungGen      total 121344K, used 7988K [0x00000000dbc00000, 0x00000000e3f00000, 0x0000000100000000)
  eden space 111616K, 0% used [0x00000000dbc00000,0x00000000dbc00000,0x00000000e2900000)
  from space 9728K, 82% used [0x00000000e3380000,0x00000000e3b4d0d8,0x00000000e3d00000)
  to   space 10752K, 0% used [0x00000000e2900000,0x00000000e2900000,0x00000000e3380000)
 ParOldGen       total 75264K, used 7753K [0x0000000093400000, 0x0000000097d80000, 0x00000000dbc00000)
  object space 75264K, 10% used [0x0000000093400000,0x0000000093b92468,0x0000000097d80000)
 Metaspace       used 17853K, capacity 18056K, committed 18304K, reserved 1064960K
  class space    used 2118K, capacity 2164K, committed 2176K, reserved 1048576K
}
Event: 3.497 GC heap before
{Heap before GC invocations=7 (full 0):
 PSYoungGen      total 121344K, used 24566K [0x00000000dbc00000, 0x00000000e3f00000, 0x0000000100000000)
  eden space 111616K, 14% used [0x00000000dbc00000,0x00000000dcc30a98,0x00000000e2900000)
  from space 9728K, 82% used [0x00000000e3380000,0x00000000e3b4d0d8,0x00000000e3d00000)
  to   space 10752K, 0% used [0x00000000e2900000,0x00000000e2900000,0x00000000e3380000)
 ParOldGen       total 75264K, used 7753K [0x0000000093400000, 0x0000000097d80000, 0x00000000dbc00000)
  object space 75264K, 10% used [0x0000000093400000,0x0000000093b92468,0x0000000097d80000)
 Metaspace       used 20813K, capacity 20974K, committed 21248K, reserved 1069056K
  class space    used 2416K, capacity 2453K, committed 2560K, reserved 1048576K
Event: 3.534 GC heap after
Heap after GC invocations=7 (full 0):
 PSYoungGen      total 122368K, used 5149K [0x00000000dbc00000, 0x00000000eaa00000, 0x0000000100000000)
  eden space 111616K, 0% used [0x00000000dbc00000,0x00000000dbc00000,0x00000000e2900000)
  from space 10752K, 47% used [0x00000000e2900000,0x00000000e2e075c0,0x00000000e3380000)
  to   space 10240K, 0% used [0x00000000ea000000,0x00000000ea000000,0x00000000eaa00000)
 ParOldGen       total 75264K, used 9675K [0x0000000093400000, 0x0000000097d80000, 0x00000000dbc00000)
  object space 75264K, 12% used [0x0000000093400000,0x0000000093d72f80,0x0000000097d80000)
 Metaspace       used 20813K, capacity 20974K, committed 21248K, reserved 1069056K
  class space    used 2416K, capacity 2453K, committed 2560K, reserved 1048576K
}
Event: 3.534 GC heap before
{Heap before GC invocations=8 (full 1):
 PSYoungGen      total 122368K, used 5149K [0x00000000dbc00000, 0x00000000eaa00000, 0x0000000100000000)
  eden space 111616K, 0% used [0x00000000dbc00000,0x00000000dbc00000,0x00000000e2900000)
  from space 10752K, 47% used [0x00000000e2900000,0x00000000e2e075c0,0x00000000e3380000)
  to   space 10240K, 0% used [0x00000000ea000000,0x00000000ea000000,0x00000000eaa00000)
 ParOldGen       total 75264K, used 9675K [0x0000000093400000, 0x0000000097d80000, 0x00000000dbc00000)
  object space 75264K, 12% used [0x0000000093400000,0x0000000093d72f80,0x0000000097d80000)
 Metaspace       used 20813K, capacity 20974K, committed 21248K, reserved 1069056K
  class space    used 2416K, capacity 2453K, committed 2560K, reserved 1048576K
Event: 3.595 GC heap after
Heap after GC invocations=8 (full 1):
 PSYoungGen      total 122368K, used 0K [0x00000000dbc00000, 0x00000000eaa00000, 0x0000000100000000)
  eden space 111616K, 0% used [0x00000000dbc00000,0x00000000dbc00000,0x00000000e2900000)
  from space 10752K, 0% used [0x00000000e2900000,0x00000000e2900000,0x00000000e3380000)
  to   space 10240K, 0% used [0x00000000ea000000,0x00000000ea000000,0x00000000eaa00000)
 ParOldGen       total 47104K, used 10122K [0x0000000093400000, 0x0000000096200000, 0x00000000dbc00000)
  object space 47104K, 21% used [0x0000000093400000,0x0000000093de2bb8,0x0000000096200000)
 Metaspace       used 20813K, capacity 20974K, committed 21248K, reserved 1069056K
  class space    used 2416K, capacity 2453K, committed 2560K, reserved 1048576K
}
Event: 4.454 GC heap before
{Heap before GC invocations=9 (full 1):
 PSYoungGen      total 122368K, used 111616K [0x00000000dbc00000, 0x00000000eaa00000, 0x0000000100000000)
  eden space 111616K, 100% used [0x00000000dbc00000,0x00000000e2900000,0x00000000e2900000)
  from space 10752K, 0% used [0x00000000e2900000,0x00000000e2900000,0x00000000e3380000)
  to   space 10240K, 0% used [0x00000000ea000000,0x00000000ea000000,0x00000000eaa00000)
 ParOldGen       total 47104K, used 10122K [0x0000000093400000, 0x0000000096200000, 0x00000000dbc00000)
  object space 47104K, 21% used [0x0000000093400000,0x0000000093de2bb8,0x0000000096200000)
 Metaspace       used 23024K, capacity 23252K, committed 23552K, reserved 1071104K
  class space    used 2692K, capacity 2742K, committed 2816K, reserved 1048576K
Event: 4.469 GC heap after
Heap after GC invocations=9 (full 1):
 PSYoungGen      total 206336K, used 4165K [0x00000000dbc00000, 0x00000000ea480000, 0x0000000100000000)
  eden space 201728K, 0% used [0x00000000dbc00000,0x00000000dbc00000,0x00000000e8100000)
  from space 4608K, 90% used [0x00000000ea000000,0x00000000ea4117a0,0x00000000ea480000)
  to   space 10240K, 0% used [0x00000000e9080000,0x00000000e9080000,0x00000000e9a80000)
 ParOldGen       total 47104K, used 10130K [0x0000000093400000, 0x0000000096200000, 0x00000000dbc00000)
  object space 47104K, 21% used [0x0000000093400000,0x0000000093de4bb8,0x0000000096200000)
 Metaspace       used 23024K, capacity 23252K, committed 23552K, reserved 1071104K
  class space    used 2692K, capacity 2742K, committed 2816K, reserved 1048576K
}
Event: 7.099 GC heap before
{Heap before GC invocations=10 (full 1):
 PSYoungGen      total 206336K, used 176447K [0x00000000dbc00000, 0x00000000ea480000, 0x0000000100000000)
  eden space 201728K, 85% used [0x00000000dbc00000,0x00000000e643e750,0x00000000e8100000)
  from space 4608K, 90% used [0x00000000ea000000,0x00000000ea4117a0,0x00000000ea480000)
  to   space 10240K, 0% used [0x00000000e9080000,0x00000000e9080000,0x00000000e9a80000)
 ParOldGen       total 47104K, used 10130K [0x0000000093400000, 0x0000000096200000, 0x00000000dbc00000)
  object space 47104K, 21% used [0x0000000093400000,0x0000000093de4bb8,0x0000000096200000)
 Metaspace       used 34740K, capacity 35026K, committed 35416K, reserved 1081344K
  class space    used 4202K, capacity 4288K, committed 4352K, reserved 1048576K

