# JRE version: Java(TM) SE Runtime Environment (8.0_111-b14) (build 1.8.0_111-b14)
# Java VM: Java HotSpot(TM) 64-Bit Server VM (25.111-b14 mixed mode bsd-amd64 compressed oops)
Heap:
 PSYoungGen      total 1292288K, used 1086843K [0x000000076ab00000, 0x00000007c0000000, 0x00000007c0000000)
  eden space 1193984K, 84% used [0x000000076ab00000,0x00000007a8988a00,0x00000007b3900000)
  from space 98304K, 73% used [0x00000007b9b80000,0x00000007be2562d0,0x00000007bfb80000)
  to   space 100864K, 0% used [0x00000007b3900000,0x00000007b3900000,0x00000007b9b80000)
 ParOldGen       total 403456K, used 136836K [0x00000006c0000000, 0x00000006d8a00000, 0x000000076ab00000)
  object space 403456K, 33% used [0x00000006c0000000,0x00000006c85a1368,0x00000006d8a00000)
 Metaspace       used 162123K, capacity 165224K, committed 165376K, reserved 1196032K
  class space    used 17425K, capacity 18106K, committed 18176K, reserved 1048576K
GC Heap History (10 events):
Event: 2443.636 GC heap before
{Heap before GC invocations=44 (full 7):
 PSYoungGen      total 1291776K, used 1262133K [0x000000076ab00000, 0x00000007c0000000, 0x00000007c0000000)
  eden space 1190912K, 100% used [0x000000076ab00000,0x00000007b3600000,0x00000007b3600000)
  from space 100864K, 70% used [0x00000007b9d80000,0x00000007be30d530,0x00000007c0000000)
  to   space 103424K, 0% used [0x00000007b3600000,0x00000007b3600000,0x00000007b9b00000)
 ParOldGen       total 403456K, used 128760K [0x00000006c0000000, 0x00000006d8a00000, 0x000000076ab00000)
  object space 403456K, 31% used [0x00000006c0000000,0x00000006c7dbe0c0,0x00000006d8a00000)
 Metaspace       used 152415K, capacity 155424K, committed 155648K, reserved 1187840K
  class space    used 16663K, capacity 17310K, committed 17408K, reserved 1048576K
Event: 2443.666 GC heap after
Heap after GC invocations=44 (full 7):
 PSYoungGen      total 1261056K, used 69973K [0x000000076ab00000, 0x00000007c0000000, 0x00000007c0000000)
  eden space 1190912K, 0% used [0x000000076ab00000,0x000000076ab00000,0x00000007b3600000)
  from space 70144K, 99% used [0x00000007b3600000,0x00000007b7a55640,0x00000007b7a80000)
  to   space 104448K, 0% used [0x00000007b9a00000,0x00000007b9a00000,0x00000007c0000000)
 ParOldGen       total 403456K, used 128768K [0x00000006c0000000, 0x00000006d8a00000, 0x000000076ab00000)
  object space 403456K, 31% used [0x00000006c0000000,0x00000006c7dc00c0,0x00000006d8a00000)
 Metaspace       used 152415K, capacity 155424K, committed 155648K, reserved 1187840K
  class space    used 16663K, capacity 17310K, committed 17408K, reserved 1048576K
}
Event: 2448.953 GC heap before
{Heap before GC invocations=45 (full 7):
 PSYoungGen      total 1261056K, used 153312K [0x000000076ab00000, 0x00000007c0000000, 0x00000007c0000000)
  eden space 1190912K, 6% used [0x000000076ab00000,0x000000076fc62c88,0x00000007b3600000)
  from space 70144K, 99% used [0x00000007b3600000,0x00000007b7a55640,0x00000007b7a80000)
  to   space 104448K, 0% used [0x00000007b9a00000,0x00000007b9a00000,0x00000007c0000000)
 ParOldGen       total 403456K, used 128768K [0x00000006c0000000, 0x00000006d8a00000, 0x000000076ab00000)
  object space 403456K, 31% used [0x00000006c0000000,0x00000006c7dc00c0,0x00000006d8a00000)
 Metaspace       used 152462K, capacity 155494K, committed 155648K, reserved 1187840K
  class space    used 16665K, capacity 17312K, committed 17408K, reserved 1048576K
Event: 2448.975 GC heap after
Heap after GC invocations=45 (full 7):
 PSYoungGen      total 1293824K, used 57547K [0x000000076ab00000, 0x00000007bfc80000, 0x00000007c0000000)
  eden space 1192960K, 0% used [0x000000076ab00000,0x000000076ab00000,0x00000007b3800000)
  from space 100864K, 57% used [0x00000007b9a00000,0x00000007bd232fe8,0x00000007bfc80000)
  to   space 100352K, 0% used [0x00000007b3800000,0x00000007b3800000,0x00000007b9a00000)
 ParOldGen       total 403456K, used 128776K [0x00000006c0000000, 0x00000006d8a00000, 0x000000076ab00000)
  object space 403456K, 31% used [0x00000006c0000000,0x00000006c7dc20c0,0x00000006d8a00000)
 Metaspace       used 152462K, capacity 155494K, committed 155648K, reserved 1187840K
  class space    used 16665K, capacity 17312K, committed 17408K, reserved 1048576K
}
Event: 2448.975 GC heap before
{Heap before GC invocations=46 (full 8):
 PSYoungGen      total 1293824K, used 57547K [0x000000076ab00000, 0x00000007bfc80000, 0x00000007c0000000)
  eden space 1192960K, 0% used [0x000000076ab00000,0x000000076ab00000,0x00000007b3800000)
  from space 100864K, 57% used [0x00000007b9a00000,0x00000007bd232fe8,0x00000007bfc80000)
  to   space 100352K, 0% used [0x00000007b3800000,0x00000007b3800000,0x00000007b9a00000)
 ParOldGen       total 403456K, used 128776K [0x00000006c0000000, 0x00000006d8a00000, 0x000000076ab00000)
  object space 403456K, 31% used [0x00000006c0000000,0x00000006c7dc20c0,0x00000006d8a00000)
 Metaspace       used 152462K, capacity 155494K, committed 155648K, reserved 1187840K
  class space    used 16665K, capacity 17312K, committed 17408K, reserved 1048576K
Event: 2449.394 GC heap after
Heap after GC invocations=46 (full 8):
 PSYoungGen      total 1293824K, used 0K [0x000000076ab00000, 0x00000007bfc80000, 0x00000007c0000000)
  eden space 1192960K, 0% used [0x000000076ab00000,0x000000076ab00000,0x00000007b3800000)
  from space 100864K, 0% used [0x00000007b9a00000,0x00000007b9a00000,0x00000007bfc80000)
  to   space 100352K, 0% used [0x00000007b3800000,0x00000007b3800000,0x00000007b9a00000)
 ParOldGen       total 403456K, used 136820K [0x00000006c0000000, 0x00000006d8a00000, 0x000000076ab00000)
  object space 403456K, 33% used [0x00000006c0000000,0x00000006c859d368,0x00000006d8a00000)
 Metaspace       used 151915K, capacity 154510K, committed 155648K, reserved 1187840K
  class space    used 16530K, capacity 17058K, committed 17408K, reserved 1048576K
}
Event: 2566.147 GC heap before
{Heap before GC invocations=47 (full 8):
 PSYoungGen      total 1293824K, used 1192960K [0x000000076ab00000, 0x00000007bfc80000, 0x00000007c0000000)
  eden space 1192960K, 100% used [0x000000076ab00000,0x00000007b3800000,0x00000007b3800000)
  from space 100864K, 0% used [0x00000007b9a00000,0x00000007b9a00000,0x00000007bfc80000)
  to   space 100352K, 0% used [0x00000007b3800000,0x00000007b3800000,0x00000007b9a00000)
 ParOldGen       total 403456K, used 136820K [0x00000006c0000000, 0x00000006d8a00000, 0x000000076ab00000)
  object space 403456K, 33% used [0x00000006c0000000,0x00000006c859d368,0x00000006d8a00000)
 Metaspace       used 156517K, capacity 159186K, committed 160128K, reserved 1191936K
  class space    used 16971K, capacity 17532K, committed 17792K, reserved 1048576K
Event: 2566.170 GC heap after
Heap after GC invocations=47 (full 8):
 PSYoungGen      total 1293312K, used 42532K [0x000000076ab00000, 0x00000007bfb80000, 0x00000007c0000000)
  eden space 1192960K, 0% used [0x000000076ab00000,0x000000076ab00000,0x00000007b3800000)
  from space 100352K, 42% used [0x00000007b3800000,0x00000007b6189138,0x00000007b9a00000)
  to   space 98304K, 0% used [0x00000007b9b80000,0x00000007b9b80000,0x00000007bfb80000)
 ParOldGen       total 403456K, used 136828K [0x00000006c0000000, 0x00000006d8a00000, 0x000000076ab00000)
  object space 403456K, 33% used [0x00000006c0000000,0x00000006c859f368,0x00000006d8a00000)
 Metaspace       used 156517K, capacity 159186K, committed 160128K, reserved 1191936K
  class space    used 16971K, capacity 17532K, committed 17792K, reserved 1048576K
}
Event: 2572.571 GC heap before
{Heap before GC invocations=48 (full 8):
 PSYoungGen      total 1293312K, used 1235492K [0x000000076ab00000, 0x00000007bfb80000, 0x00000007c0000000)
  eden space 1192960K, 100% used [0x000000076ab00000,0x00000007b3800000,0x00000007b3800000)
  from space 100352K, 42% used [0x00000007b3800000,0x00000007b6189138,0x00000007b9a00000)
  to   space 98304K, 0% used [0x00000007b9b80000,0x00000007b9b80000,0x00000007bfb80000)
 ParOldGen       total 403456K, used 136828K [0x00000006c0000000, 0x00000006d8a00000, 0x000000076ab00000)
  object space 403456K, 33% used [0x00000006c0000000,0x00000006c859f368,0x00000006d8a00000)
 Metaspace       used 160258K, capacity 163090K, committed 163584K, reserved 1196032K
  class space    used 17236K, capacity 17816K, committed 17920K, reserved 1048576K
Event: 2572.609 GC heap after
Heap after GC invocations=48 (full 8):
 PSYoungGen      total 1292288K, used 72536K [0x000000076ab00000, 0x00000007c0000000, 0x00000007c0000000)
  eden space 1193984K, 0% used [0x000000076ab00000,0x000000076ab00000,0x00000007b3900000)
  from space 98304K, 73% used [0x00000007b9b80000,0x00000007be2562d0,0x00000007bfb80000)
  to   space 100864K, 0% used [0x00000007b3900000,0x00000007b3900000,0x00000007b9b80000)
 ParOldGen       total 403456K, used 136836K [0x00000006c0000000, 0x00000006d8a00000, 0x000000076ab00000)
  object space 403456K, 33% used [0x00000006c0000000,0x00000006c85a1368,0x00000006d8a00000)
 Metaspace       used 160258K, capacity 163090K, committed 163584K, reserved 1196032K
  class space    used 17236K, capacity 17816K, committed 17920K, reserved 1048576K
}

