# JRE version: Java(TM) SE Runtime Environment (8.0_111-b14) (build 1.8.0_111-b14)
# Java VM: Java HotSpot(TM) 64-Bit Server VM (25.111-b14 mixed mode bsd-amd64 compressed oops)
Heap:
 PSYoungGen      total 926208K, used 59589K [0x000000076ab00000, 0x00000007ab500000, 0x00000007c0000000)
  eden space 832512K, 0% used [0x000000076ab00000,0x000000076ab00000,0x000000079d800000)
  from space 93696K, 63% used [0x00000007a5980000,0x00000007a93b16b8,0x00000007ab500000)
  to   space 113152K, 0% used [0x000000079d800000,0x000000079d800000,0x00000007a4680000)
 ParOldGen       total 480768K, used 163315K [0x00000006c0000000, 0x00000006dd580000, 0x000000076ab00000)
  object space 480768K, 33% used [0x00000006c0000000,0x00000006c9f7cec8,0x00000006dd580000)
 Metaspace       used 174147K, capacity 178374K, committed 178560K, reserved 1208320K
  class space    used 18309K, capacity 19204K, committed 19328K, reserved 1048576K
GC Heap History (10 events):
Event: 2545.460 GC heap after
Heap after GC invocations=66 (full 8):
 PSYoungGen      total 1012736K, used 83033K [0x000000076ab00000, 0x00000007b2b00000, 0x00000007c0000000)
  eden space 929280K, 0% used [0x000000076ab00000,0x000000076ab00000,0x00000007a3680000)
  from space 83456K, 99% used [0x00000007ad980000,0x00000007b2a965a8,0x00000007b2b00000)
  to   space 116736K, 0% used [0x00000007a4700000,0x00000007a4700000,0x00000007ab900000)
 ParOldGen       total 480768K, used 163307K [0x00000006c0000000, 0x00000006dd580000, 0x000000076ab00000)
  object space 480768K, 33% used [0x00000006c0000000,0x00000006c9f7aec8,0x00000006dd580000)
 Metaspace       used 174055K, capacity 178268K, committed 178560K, reserved 1208320K
  class space    used 18303K, capacity 19196K, committed 19328K, reserved 1048576K
}
Event: 2702.210 GC heap before
{Heap before GC invocations=67 (full 8):
 PSYoungGen      total 1012736K, used 1012313K [0x000000076ab00000, 0x00000007b2b00000, 0x00000007c0000000)
  eden space 929280K, 100% used [0x000000076ab00000,0x00000007a3680000,0x00000007a3680000)
  from space 83456K, 99% used [0x00000007ad980000,0x00000007b2a965a8,0x00000007b2b00000)
  to   space 116736K, 0% used [0x00000007a4700000,0x00000007a4700000,0x00000007ab900000)
 ParOldGen       total 480768K, used 163307K [0x00000006c0000000, 0x00000006dd580000, 0x000000076ab00000)
  object space 480768K, 33% used [0x00000006c0000000,0x00000006c9f7aec8,0x00000006dd580000)
 Metaspace       used 174085K, capacity 178332K, committed 178560K, reserved 1208320K
  class space    used 18303K, capacity 19196K, committed 19328K, reserved 1048576K
Event: 2702.250 GC heap after
Heap after GC invocations=67 (full 8):
 PSYoungGen      total 978432K, used 82799K [0x000000076ab00000, 0x00000007af880000, 0x00000007c0000000)
  eden space 895488K, 0% used [0x000000076ab00000,0x000000076ab00000,0x00000007a1580000)
  from space 82944K, 99% used [0x00000007a4700000,0x00000007a97dbd88,0x00000007a9800000)
  to   space 98816K, 0% used [0x00000007a9800000,0x00000007a9800000,0x00000007af880000)
 ParOldGen       total 480768K, used 163315K [0x00000006c0000000, 0x00000006dd580000, 0x000000076ab00000)
  object space 480768K, 33% used [0x00000006c0000000,0x00000006c9f7cec8,0x00000006dd580000)
 Metaspace       used 174085K, capacity 178332K, committed 178560K, reserved 1208320K
  class space    used 18303K, capacity 19196K, committed 19328K, reserved 1048576K
}
Event: 2855.687 GC heap before
{Heap before GC invocations=68 (full 8):
 PSYoungGen      total 978432K, used 978287K [0x000000076ab00000, 0x00000007af880000, 0x00000007c0000000)
  eden space 895488K, 100% used [0x000000076ab00000,0x00000007a1580000,0x00000007a1580000)
  from space 82944K, 99% used [0x00000007a4700000,0x00000007a97dbd88,0x00000007a9800000)
  to   space 98816K, 0% used [0x00000007a9800000,0x00000007a9800000,0x00000007af880000)
 ParOldGen       total 480768K, used 163315K [0x00000006c0000000, 0x00000006dd580000, 0x000000076ab00000)
  object space 480768K, 33% used [0x00000006c0000000,0x00000006c9f7cec8,0x00000006dd580000)
 Metaspace       used 174085K, capacity 178332K, committed 178560K, reserved 1208320K
  class space    used 18303K, capacity 19196K, committed 19328K, reserved 1048576K
Event: 2855.717 GC heap after
Heap after GC invocations=68 (full 8):
 PSYoungGen      total 946176K, used 82846K [0x000000076ab00000, 0x00000007ae900000, 0x00000007c0000000)
  eden space 863232K, 0% used [0x000000076ab00000,0x000000076ab00000,0x000000079f600000)
  from space 82944K, 99% used [0x00000007a9800000,0x00000007ae8e7b98,0x00000007ae900000)
  to   space 115200K, 0% used [0x00000007a0800000,0x00000007a0800000,0x00000007a7880000)
 ParOldGen       total 480768K, used 163315K [0x00000006c0000000, 0x00000006dd580000, 0x000000076ab00000)
  object space 480768K, 33% used [0x00000006c0000000,0x00000006c9f7cec8,0x00000006dd580000)
 Metaspace       used 174085K, capacity 178332K, committed 178560K, reserved 1208320K
  class space    used 18303K, capacity 19196K, committed 19328K, reserved 1048576K
}
Event: 3002.305 GC heap before
{Heap before GC invocations=69 (full 8):
 PSYoungGen      total 946176K, used 946078K [0x000000076ab00000, 0x00000007ae900000, 0x00000007c0000000)
  eden space 863232K, 100% used [0x000000076ab00000,0x000000079f600000,0x000000079f600000)
  from space 82944K, 99% used [0x00000007a9800000,0x00000007ae8e7b98,0x00000007ae900000)
  to   space 115200K, 0% used [0x00000007a0800000,0x00000007a0800000,0x00000007a7880000)
 ParOldGen       total 480768K, used 163315K [0x00000006c0000000, 0x00000006dd580000, 0x000000076ab00000)
  object space 480768K, 33% used [0x00000006c0000000,0x00000006c9f7cec8,0x00000006dd580000)
 Metaspace       used 174085K, capacity 178332K, committed 178560K, reserved 1208320K
  class space    used 18303K, capacity 19196K, committed 19328K, reserved 1048576K
Event: 3002.342 GC heap after
Heap after GC invocations=69 (full 8):
 PSYoungGen      total 915968K, used 83229K [0x000000076ab00000, 0x00000007ab700000, 0x00000007c0000000)
  eden space 832512K, 0% used [0x000000076ab00000,0x000000076ab00000,0x000000079d800000)
  from space 83456K, 99% used [0x00000007a0800000,0x00000007a5947480,0x00000007a5980000)
  to   space 95744K, 0% used [0x00000007a5980000,0x00000007a5980000,0x00000007ab700000)
 ParOldGen       total 480768K, used 163315K [0x00000006c0000000, 0x00000006dd580000, 0x000000076ab00000)
  object space 480768K, 33% used [0x00000006c0000000,0x00000006c9f7cec8,0x00000006dd580000)
 Metaspace       used 174085K, capacity 178332K, committed 178560K, reserved 1208320K
  class space    used 18303K, capacity 19196K, committed 19328K, reserved 1048576K
}
Event: 3023.754 GC heap before
{Heap before GC invocations=70 (full 8):
 PSYoungGen      total 915968K, used 238839K [0x000000076ab00000, 0x00000007ab700000, 0x00000007c0000000)
  eden space 832512K, 18% used [0x000000076ab00000,0x00000007742f6920,0x000000079d800000)
  from space 83456K, 99% used [0x00000007a0800000,0x00000007a5947480,0x00000007a5980000)
  to   space 95744K, 0% used [0x00000007a5980000,0x00000007a5980000,0x00000007ab700000)
 ParOldGen       total 480768K, used 163315K [0x00000006c0000000, 0x00000006dd580000, 0x000000076ab00000)
  object space 480768K, 33% used [0x00000006c0000000,0x00000006c9f7cec8,0x00000006dd580000)
 Metaspace       used 174147K, capacity 178374K, committed 178560K, reserved 1208320K
  class space    used 18309K, capacity 19204K, committed 19328K, reserved 1048576K
Event: 3023.789 GC heap after
Heap after GC invocations=70 (full 8):
 PSYoungGen      total 926208K, used 59589K [0x000000076ab00000, 0x00000007ab500000, 0x00000007c0000000)
  eden space 832512K, 0% used [0x000000076ab00000,0x000000076ab00000,0x000000079d800000)
  from space 93696K, 63% used [0x00000007a5980000,0x00000007a93b16b8,0x00000007ab500000)
  to   space 113152K, 0% used [0x000000079d800000,0x000000079d800000,0x00000007a4680000)
 ParOldGen       total 480768K, used 163315K [0x00000006c0000000, 0x00000006dd580000, 0x000000076ab00000)
  object space 480768K, 33% used [0x00000006c0000000,0x00000006c9f7cec8,0x00000006dd580000)
 Metaspace       used 174147K, capacity 178374K, committed 178560K, reserved 1208320K
  class space    used 18309K, capacity 19204K, committed 19328K, reserved 1048576K
}
Event: 3023.789 GC heap before
{Heap before GC invocations=71 (full 9):
 PSYoungGen      total 926208K, used 59589K [0x000000076ab00000, 0x00000007ab500000, 0x00000007c0000000)
  eden space 832512K, 0% used [0x000000076ab00000,0x000000076ab00000,0x000000079d800000)
  from space 93696K, 63% used [0x00000007a5980000,0x00000007a93b16b8,0x00000007ab500000)
  to   space 113152K, 0% used [0x000000079d800000,0x000000079d800000,0x00000007a4680000)
 ParOldGen       total 480768K, used 163315K [0x00000006c0000000, 0x00000006dd580000, 0x000000076ab00000)
  object space 480768K, 33% used [0x00000006c0000000,0x00000006c9f7cec8,0x00000006dd580000)
 Metaspace       used 174147K, capacity 178374K, committed 178560K, reserved 1208320K
  class space    used 18309K, capacity 19204K, committed 19328K, reserved 1048576K

